<?xml version="1.0" encoding="UTF-8"?>
<!-- Generated by org.testng.reporters.JUnitReportReporter -->
<testsuite hostname="Pratishtthas-MacBook-Air.local" failures="0" tests="3" name="tests.cobotiks" time="0.153" errors="0" timestamp="2024-05-14T23:03:24 IST" skipped="0">
  <testcase classname="tests.cobotiks" name="getValueFromDynamicTable" time="0.053"/>
  <testcase classname="tests.cobotiks" name="clickOnFirstDropDown" time="0.088"/>
  <testcase classname="tests.cobotiks" name="loginPageTitleVerification" time="0.012"/>
</testsuite> <!-- tests.cobotiks -->
