<?xml version="1.0" encoding="UTF-8"?>
<!-- Generated by org.testng.reporters.JUnitReportReporter -->
<testsuite hostname="Pratishtthas-MacBook-Air.local" failures="0" tests="4" name="tests.tendableTestCases" time="9.468" errors="0" timestamp="2024-05-23T19:23:53 IST" skipped="0">
  <testcase classname="tests.tendableTestCases" name="verifyLogo" time="0.024"/>
  <testcase classname="tests.tendableTestCases" name="verifyMenusValue" time="0.033"/>
  <testcase classname="tests.tendableTestCases" name="verifyRequestDemoButton" time="5.941"/>
  <testcase classname="tests.tendableTestCases" name="verifyMarketingform" time="3.470"/>
</testsuite> <!-- tests.tendableTestCases -->
